2022-01-27 17:04:23.018  INFO 12424 --- [restartedMain] c.a.bookstore.BookStoreMainApplication   : Starting BookStoreMainApplication using Java 1.8.0_301 on Mohan with PID 12424 (E:\CFP_Project\Book_Store_Application\BookStoreMain\target\classes started by kmoha in E:\CFP_Project\Book_Store_Application\BookStoreCart)
2022-01-27 17:04:23.018  INFO 12424 --- [restartedMain] c.a.bookstore.BookStoreMainApplication   : No active profile set, falling back to default profiles: default
2022-01-27 17:04:23.190  INFO 12424 --- [restartedMain] o.s.b.context.config.ConfigDataLoader    : Fetching config from server at : http://localhost:10000
2022-01-27 17:04:23.190  INFO 12424 --- [restartedMain] o.s.b.context.config.ConfigDataLoader    : Located environment: name=book-store-service, profiles=[default], label=null, version=220518a72c3aa583635917024f3f6c70a6a1e09d, state=null
2022-01-27 17:04:23.190  INFO 12424 --- [restartedMain] .e.DevToolsPropertyDefaultsPostProcessor : Devtools property defaults active! Set 'spring.devtools.add-properties' to 'false' to disable
2022-01-27 17:04:23.190  INFO 12424 --- [restartedMain] .e.DevToolsPropertyDefaultsPostProcessor : For additional web related logging consider setting the 'logging.level.web' property to 'DEBUG'
2022-01-27 17:04:25.034  INFO 12424 --- [restartedMain] o.s.cloud.context.scope.GenericScope     : BeanFactory id=7788c62e-1173-3d2a-9064-bdd01e9a4f14
2022-01-27 17:04:25.909  INFO 12424 --- [restartedMain] o.s.b.w.embedded.tomcat.TomcatWebServer  : Tomcat initialized with port(s): 8081 (http)
2022-01-27 17:04:25.924  INFO 12424 --- [restartedMain] o.a.catalina.core.AprLifecycleListener   : Loaded Apache Tomcat Native library [1.2.31] using APR version [1.7.0].
2022-01-27 17:04:25.924  INFO 12424 --- [restartedMain] o.a.catalina.core.AprLifecycleListener   : APR capabilities: IPv6 [true], sendfile [true], accept filters [false], random [true], UDS [true].
2022-01-27 17:04:25.924  INFO 12424 --- [restartedMain] o.a.catalina.core.AprLifecycleListener   : APR/OpenSSL configuration: useAprConnector [false], useOpenSSL [true]
2022-01-27 17:04:25.924  INFO 12424 --- [restartedMain] o.a.catalina.core.AprLifecycleListener   : OpenSSL successfully initialized [OpenSSL 1.1.1l  24 Aug 2021]
2022-01-27 17:04:25.940  INFO 12424 --- [restartedMain] o.apache.catalina.core.StandardService   : Starting service [Tomcat]
2022-01-27 17:04:25.940  INFO 12424 --- [restartedMain] org.apache.catalina.core.StandardEngine  : Starting Servlet engine: [Apache Tomcat/9.0.56]
2022-01-27 17:04:26.112  INFO 12424 --- [restartedMain] o.a.c.c.C.[Tomcat].[localhost].[/]       : Initializing Spring embedded WebApplicationContext
2022-01-27 17:04:26.112  INFO 12424 --- [restartedMain] w.s.c.ServletWebServerApplicationContext : Root WebApplicationContext: initialization completed in 2922 ms
2022-01-27 17:04:27.424  WARN 12424 --- [restartedMain] o.s.b.d.a.OptionalLiveReloadServer       : Unable to start LiveReload server
2022-01-27 17:04:27.909  INFO 12424 --- [restartedMain] o.s.b.a.e.web.EndpointLinksResolver      : Exposing 1 endpoint(s) beneath base path '/actuator'
2022-01-27 17:04:28.049  INFO 12424 --- [restartedMain] o.s.b.w.embedded.tomcat.TomcatWebServer  : Tomcat started on port(s): 8081 (http) with context path ''
2022-01-27 17:04:28.471  INFO 12424 --- [restartedMain] c.a.bookstore.BookStoreMainApplication   : Started BookStoreMainApplication in 9.354 seconds (JVM running for 11.196)
2022-01-27 17:04:28.784  INFO 12424 --- [RMI TCP Connection(4)-127.0.0.1] o.a.c.c.C.[Tomcat].[localhost].[/]       : Initializing Spring DispatcherServlet 'dispatcherServlet'
2022-01-27 17:04:28.784  INFO 12424 --- [RMI TCP Connection(4)-127.0.0.1] o.s.web.servlet.DispatcherServlet        : Initializing Servlet 'dispatcherServlet'
2022-01-27 17:04:28.784  INFO 12424 --- [RMI TCP Connection(4)-127.0.0.1] o.s.web.servlet.DispatcherServlet        : Completed initialization in 0 ms
